Using pre-set license
Built from '2020.3/staging' branch; Version is '2020.3.21f1 (a38c86f6690f) revision 10718342'; Using compiler version '192528614'; Build Type 'Release'
OS: 'Windows 10 Home; OS build 19044.1706; Version 2009; 64bit' Language: 'ru' Physical Memory: 8134 MB
BatchMode: 1, IsHumanControllingUs: 0, StartBugReporterOnCrash: 0, Is64bit: 1, IsPro: 0

COMMAND LINE ARGUMENTS:
C:\Program Files\Unity\Hub\Editor\2020.3.21f1\Editor\Unity.exe
-adb2
-batchMode
-noUpm
-name
AssetImportWorker1
-projectPath
D:/Кто убил Марка/Кто убил Марка
-logFile
Logs/AssetImportWorker1.log
-srvPort
1720
Successfully changed project path to: D:/Кто убил Марка/Кто убил Марка
D:/Кто убил Марка/Кто убил Марка
Using Asset Import Pipeline V2.
Refreshing native plugins compatible for Editor in 137.50 ms, found 3 plugins.
Preloading 0 native plugins for Editor in 0.00 ms.
Initialize engine version: 2020.3.21f1 (a38c86f6690f)
[Subsystems] Discovering subsystems at path C:/Program Files/Unity/Hub/Editor/2020.3.21f1/Editor/Data/Resources/UnitySubsystems
[Subsystems] Discovering subsystems at path D:/Кто убил Марка/Кто убил Марка/Assets
GfxDevice: creating device client; threaded=0
Direct3D:
    Version:  Direct3D 11.0 [level 11.1]
    Renderer: NVIDIA GeForce GTX 1060 3GB (ID=0x1c02)
    Vendor:   
    VRAM:     2988 MB
    Driver:   30.0.15.1277
Initialize mono
Mono path[0] = 'C:/Program Files/Unity/Hub/Editor/2020.3.21f1/Editor/Data/Managed'
Mono path[1] = 'C:/Program Files/Unity/Hub/Editor/2020.3.21f1/Editor/Data/MonoBleedingEdge/lib/mono/unityjit'
Mono config path = 'C:/Program Files/Unity/Hub/Editor/2020.3.21f1/Editor/Data/MonoBleedingEdge/etc'
Using monoOptions --debugger-agent=transport=dt_socket,embedding=1,server=y,suspend=n,address=127.0.0.1:56244
Begin MonoManager ReloadAssembly
Registering precompiled unity dll's ...
Register platform support module: C:/Program Files/Unity/Hub/Editor/2020.3.21f1/Editor/Data/PlaybackEngines/WebGLSupport/UnityEditor.WebGL.Extensions.dll
Register platform support module: C:/Program Files/Unity/Hub/Editor/2020.3.21f1/Editor/Data/PlaybackEngines/WindowsStandaloneSupport/UnityEditor.WindowsStandalone.Extensions.dll
Registered in 0.006676 seconds.
Native extension for WindowsStandalone target not found
Native extension for WebGL target not found
Refreshing native plugins compatible for Editor in 120.57 ms, found 3 plugins.
Preloading 0 native plugins for Editor in 0.00 ms.
Mono: successfully reloaded assembly
- Completed reload, in  2.450 seconds
Domain Reload Profiling:
	ReloadAssembly (2451ms)
		BeginReloadAssembly (108ms)
			ExecutionOrderSort (0ms)
			DisableScriptedObjects (0ms)
			BackupInstance (0ms)
			ReleaseScriptingObjects (0ms)
			CreateAndSetChildDomain (1ms)
		EndReloadAssembly (708ms)
			LoadAssemblies (103ms)
			RebuildTransferFunctionScriptingTraits (0ms)
			SetupTypeCache (203ms)
			ReleaseScriptCaches (0ms)
			RebuildScriptCaches (47ms)
			SetupLoadedEditorAssemblies (301ms)
				LogAssemblyErrors (0ms)
				InitializePlatformSupportModulesInManaged (8ms)
				SetLoadedEditorAssemblies (0ms)
				RefreshPlugins (121ms)
				BeforeProcessingInitializeOnLoad (17ms)
				ProcessInitializeOnLoadAttributes (113ms)
				ProcessInitializeOnLoadMethodAttributes (42ms)
				AfterProcessingInitializeOnLoad (0ms)
				EditorAssembliesLoaded (0ms)
			ExecutionOrderSort2 (0ms)
			AwakeInstancesAfterBackupRestoration (0ms)
Platform modules already initialized, skipping
Registering precompiled user dll's ...
Registered in 0.012315 seconds.
Begin MonoManager ReloadAssembly
Native extension for WindowsStandalone target not found
Native extension for WebGL target not found
Refreshing native plugins compatible for Editor in 126.41 ms, found 3 plugins.
Preloading 0 native plugins for Editor in 0.00 ms.
Mono: successfully reloaded assembly
- Completed reload, in  2.373 seconds
Domain Reload Profiling:
	ReloadAssembly (2374ms)
		BeginReloadAssembly (271ms)
			ExecutionOrderSort (0ms)
			DisableScriptedObjects (6ms)
			BackupInstance (0ms)
			ReleaseScriptingObjects (0ms)
			CreateAndSetChildDomain (27ms)
		EndReloadAssembly (1987ms)
			LoadAssemblies (220ms)
			RebuildTransferFunctionScriptingTraits (0ms)
			SetupTypeCache (590ms)
			ReleaseScriptCaches (1ms)
			RebuildScriptCaches (100ms)
			SetupLoadedEditorAssemblies (923ms)
				LogAssemblyErrors (0ms)
				InitializePlatformSupportModulesInManaged (8ms)
				SetLoadedEditorAssemblies (0ms)
				RefreshPlugins (127ms)
				BeforeProcessingInitializeOnLoad (182ms)
				ProcessInitializeOnLoadAttributes (565ms)
				ProcessInitializeOnLoadMethodAttributes (23ms)
				AfterProcessingInitializeOnLoad (18ms)
				EditorAssembliesLoaded (0ms)
			ExecutionOrderSort2 (0ms)
			AwakeInstancesAfterBackupRestoration (12ms)
Platform modules already initialized, skipping
========================================================================
Worker process is ready to serve import requests
Launched and connected shader compiler UnityShaderCompiler.exe after 0.11 seconds
Refreshing native plugins compatible for Editor in 1.26 ms, found 3 plugins.
Preloading 0 native plugins for Editor in 0.00 ms.
Unloading 4670 Unused Serialized files (Serialized files now loaded: 0)
System memory in use before: 187.2 MB.
System memory in use after: 187.5 MB.

Unloading 33 unused Assets to reduce memory usage. Loaded Objects now: 5109.
Total: 5.685600 ms (FindLiveObjects: 0.401200 ms CreateObjectMapping: 0.183700 ms MarkObjects: 4.993400 ms  DeleteObjects: 0.105500 ms)

AssetImportParameters requested are different than current active one (requested -> active):
  custom:framework-win-MediaFoundation: 216162199b28c13a410421893ffa2e32 -> 
  custom:video-decoder-ogg-theora: a1e56fd34408186e4bbccfd4996cb3dc -> 
  custom:container-muxer-webm: aa71ff27fc2769a1b78a27578f13a17b -> 
  custom:container-demuxer-webm: 4f35f7cbe854078d1ac9338744f61a02 -> 
  custom:container-demuxer-ogg: 62fdf1f143b41e24485cea50d1cbac27 -> 
  custom:video-encoder-webm-vp8: eb34c28f22e8b96e1ab97ce403110664 -> 
  custom:video-decoder-webm-vp8: 9c59270c3fd7afecdb556c50c9e8de78 -> 
  custom:audio-decoder-ogg-vorbis: bf7c407c2cedff20999df2af8eb42d56 -> 
  custom:audio-encoder-webm-vorbis: bf7c407c2cedff20999df2af8eb42d56 -> 
========================================================================
Received Import Request.
  path: Assets/Characters/photo_2022-04-04_20-02-19.jpg
  artifactKey: Guid(83078be307cbfe8408476a2f8363727f) Importer(815301076,1909f56bfc062723c751e8b465ee728b)
Start importing Assets/Characters/photo_2022-04-04_20-02-19.jpg using Guid(83078be307cbfe8408476a2f8363727f) Importer(815301076,1909f56bfc062723c751e8b465ee728b)  -> (artifact id: '7d4c60d981e60aa0229408e43332e04e') in 0.164803 seconds 
  Import took 0.185193 seconds .

========================================================================
Received Import Request.
  Time since last request: 0.000381 seconds.
  path: Assets/Scenes/Images/Backgrounds/photo_2022-05-23_20-18-05.jpg
  artifactKey: Guid(f6383fcb5eafc5241bf399a48d0b9e08) Importer(815301076,1909f56bfc062723c751e8b465ee728b)
Start importing Assets/Scenes/Images/Backgrounds/photo_2022-05-23_20-18-05.jpg using Guid(f6383fcb5eafc5241bf399a48d0b9e08) Importer(815301076,1909f56bfc062723c751e8b465ee728b)  -> (artifact id: 'b16acba4117b7155c8b5edcf89744eb5') in 0.062500 seconds 
  Import took 0.086641 seconds .

========================================================================
Received Import Request.
  Time since last request: 0.000373 seconds.
  path: Assets/Animations/SpriteAnimations/HandDrawnEllipse/Drawing/HandDrawnEllipse 1_00007.png
  artifactKey: Guid(218fe389408aff346a1fc9e9df42ab69) Importer(815301076,1909f56bfc062723c751e8b465ee728b)
Start importing Assets/Animations/SpriteAnimations/HandDrawnEllipse/Drawing/HandDrawnEllipse 1_00007.png using Guid(218fe389408aff346a1fc9e9df42ab69) Importer(815301076,1909f56bfc062723c751e8b465ee728b)  -> (artifact id: '588829b8515299b34465a6bf435aafe2') in 0.051574 seconds 
  Import took 0.069483 seconds .

========================================================================
Received Import Request.
  Time since last request: 0.000363 seconds.
  path: Assets/Scenes/Images/Backgrounds/photo_2022-05-23_20-18-06.jpg
  artifactKey: Guid(12d5941d6f1db264785dbaf68a29a720) Importer(815301076,1909f56bfc062723c751e8b465ee728b)
Start importing Assets/Scenes/Images/Backgrounds/photo_2022-05-23_20-18-06.jpg using Guid(12d5941d6f1db264785dbaf68a29a720) Importer(815301076,1909f56bfc062723c751e8b465ee728b)  -> (artifact id: '29cdb5a9f5a16e56b06b7e23f2e5a845') in 0.090755 seconds 
  Import took 0.099148 seconds .

========================================================================
Received Import Request.
  Time since last request: 0.000351 seconds.
  path: Assets/Animations/SpriteAnimations/HandDrawnEllipse/Drawing/HandDrawnEllipse 1_00004.png
  artifactKey: Guid(3002bca25a290a248a0f193d78c90408) Importer(815301076,1909f56bfc062723c751e8b465ee728b)
Start importing Assets/Animations/SpriteAnimations/HandDrawnEllipse/Drawing/HandDrawnEllipse 1_00004.png using Guid(3002bca25a290a248a0f193d78c90408) Importer(815301076,1909f56bfc062723c751e8b465ee728b)  -> (artifact id: '06ed77b2996da1654eba52fbd90ae532') in 0.051254 seconds 
  Import took 0.090551 seconds .

========================================================================
Received Import Request.
  Time since last request: 0.000395 seconds.
  path: Assets/Animations/SpriteAnimations/HandDrawnEllipse/Drawing/HandDrawnEllipse 1_00010.png
  artifactKey: Guid(4636d88d369686347a96466432c5bf41) Importer(815301076,1909f56bfc062723c751e8b465ee728b)
Start importing Assets/Animations/SpriteAnimations/HandDrawnEllipse/Drawing/HandDrawnEllipse 1_00010.png using Guid(4636d88d369686347a96466432c5bf41) Importer(815301076,1909f56bfc062723c751e8b465ee728b)  -> (artifact id: 'd0cededef6f6763ddcfcf4547e16ded9') in 0.026395 seconds 
  Import took 0.056537 seconds .

========================================================================
Received Import Request.
  Time since last request: 0.000378 seconds.
  path: Assets/Scenes/Images/Backgrounds/photo_2022-05-23_20-18-07.jpg
  artifactKey: Guid(0859aa91d9133ee499defede97304c3d) Importer(815301076,1909f56bfc062723c751e8b465ee728b)
Start importing Assets/Scenes/Images/Backgrounds/photo_2022-05-23_20-18-07.jpg using Guid(0859aa91d9133ee499defede97304c3d) Importer(815301076,1909f56bfc062723c751e8b465ee728b)  -> (artifact id: '24b0ac9053480b5cadebbfe58676fed0') in 0.041223 seconds 
  Import took 0.064954 seconds .

========================================================================
Received Import Request.
  Time since last request: 0.000384 seconds.
  path: Assets/Animations/SpriteAnimations/HandDrawnEllipse/Still/HandDrawnEllipse 1_00019.png
  artifactKey: Guid(dd70a8f89a51c454f8ed57b4c84dcfd6) Importer(815301076,1909f56bfc062723c751e8b465ee728b)
Start importing Assets/Animations/SpriteAnimations/HandDrawnEllipse/Still/HandDrawnEllipse 1_00019.png using Guid(dd70a8f89a51c454f8ed57b4c84dcfd6) Importer(815301076,1909f56bfc062723c751e8b465ee728b)  -> (artifact id: '3ca7200f5492862940fe2812b3ddb14b') in 0.024213 seconds 
  Import took 0.049245 seconds .

========================================================================
Received Import Request.
  Time since last request: 0.000326 seconds.
  path: Assets/Animations/SpriteAnimations/HandDrawnEllipse/Drawing/HandDrawnEllipse 1_00009.png
  artifactKey: Guid(fbc395ae1c4bb98409f8bc536c38cdb7) Importer(815301076,1909f56bfc062723c751e8b465ee728b)
Start importing Assets/Animations/SpriteAnimations/HandDrawnEllipse/Drawing/HandDrawnEllipse 1_00009.png using Guid(fbc395ae1c4bb98409f8bc536c38cdb7) Importer(815301076,1909f56bfc062723c751e8b465ee728b)  -> (artifact id: '1965fe5515ff88fab59e2f9cf07b2cbc') in 0.015076 seconds 
  Import took 0.025458 seconds .

========================================================================
Received Import Request.
  Time since last request: 0.000386 seconds.
  path: Assets/Animations/SpriteAnimations/HandDrawnEllipse/Still/HandDrawnEllipse 1_00020.png
  artifactKey: Guid(7565a3c4ba6e96f4db47b74a1f8f8cc3) Importer(815301076,1909f56bfc062723c751e8b465ee728b)
Start importing Assets/Animations/SpriteAnimations/HandDrawnEllipse/Still/HandDrawnEllipse 1_00020.png using Guid(7565a3c4ba6e96f4db47b74a1f8f8cc3) Importer(815301076,1909f56bfc062723c751e8b465ee728b)  -> (artifact id: '9261b724cc7778bf72ddaa98ce28f86f') in 0.044244 seconds 
  Import took 0.053230 seconds .

========================================================================
Received Import Request.
  Time since last request: 0.000361 seconds.
  path: Assets/Animations/SpriteAnimations/HandDrawnEllipse/Still/HandDrawnEllipse 1_00011.png
  artifactKey: Guid(27225cc0d8a654f40b2697d208d434f4) Importer(815301076,1909f56bfc062723c751e8b465ee728b)
Start importing Assets/Animations/SpriteAnimations/HandDrawnEllipse/Still/HandDrawnEllipse 1_00011.png using Guid(27225cc0d8a654f40b2697d208d434f4) Importer(815301076,1909f56bfc062723c751e8b465ee728b)  -> (artifact id: '5f0270b625b3283eaf239e34076601a1') in 0.024879 seconds 
  Import took 0.034699 seconds .

========================================================================
Received Import Request.
  Time since last request: 0.000364 seconds.
  path: Assets/Scenes/Images/Backgrounds/photo_2022-05-23_20-18-09.jpg
  artifactKey: Guid(e8f1656530294414ba5516d9b0939e4d) Importer(815301076,1909f56bfc062723c751e8b465ee728b)
Start importing Assets/Scenes/Images/Backgrounds/photo_2022-05-23_20-18-09.jpg using Guid(e8f1656530294414ba5516d9b0939e4d) Importer(815301076,1909f56bfc062723c751e8b465ee728b)  -> (artifact id: '3d1b7f4617e5be2a75fe396a53666b36') in 0.020560 seconds 
  Import took 0.066539 seconds .

========================================================================
Received Import Request.
  Time since last request: 0.000382 seconds.
  path: Assets/Scenes/Images/Suspects/photo_2022-05-15_16-54-37.jpg
  artifactKey: Guid(87bfa1ef768f21a44ad7b8ca26bc66e3) Importer(815301076,1909f56bfc062723c751e8b465ee728b)
Start importing Assets/Scenes/Images/Suspects/photo_2022-05-15_16-54-37.jpg using Guid(87bfa1ef768f21a44ad7b8ca26bc66e3) Importer(815301076,1909f56bfc062723c751e8b465ee728b)  -> (artifact id: 'afc37f1cc0776a57e8739bb5ae2eb504') in 0.041549 seconds 
  Import took 0.051325 seconds .

========================================================================
Received Import Request.
  Time since last request: 0.000415 seconds.
  path: Assets/Scenes/Images/Suspects/Walter_White_S5B.png
  artifactKey: Guid(2ddc54f677da2564eb20f90fea3f56ee) Importer(815301076,1909f56bfc062723c751e8b465ee728b)
Start importing Assets/Scenes/Images/Suspects/Walter_White_S5B.png using Guid(2ddc54f677da2564eb20f90fea3f56ee) Importer(815301076,1909f56bfc062723c751e8b465ee728b)  -> (artifact id: 'fa28fa867d71fcf74c31cbbd8f3b32c9') in 0.030217 seconds 
  Import took 0.052834 seconds .

========================================================================
Received Import Request.
  Time since last request: 0.000318 seconds.
  path: Assets/Scenes/Images/Suspects/photo_2022-05-14_18-38-42.jpg
  artifactKey: Guid(32af7386c1941bf4cb5bc5c13a83bf2f) Importer(815301076,1909f56bfc062723c751e8b465ee728b)
Start importing Assets/Scenes/Images/Suspects/photo_2022-05-14_18-38-42.jpg using Guid(32af7386c1941bf4cb5bc5c13a83bf2f) Importer(815301076,1909f56bfc062723c751e8b465ee728b)  -> (artifact id: 'd63a2fbdf72e5dfdedd9e61860cb7ba5') in 0.033400 seconds 
  Import took 0.061108 seconds .

========================================================================
Received Import Request.
  Time since last request: 0.000385 seconds.
  path: Assets/Animations/SpriteAnimations/HandDrawnEllipse/Still/HandDrawnEllipse 1_00015.png
  artifactKey: Guid(f73eb5a22741f6848b6742e903214bf2) Importer(815301076,1909f56bfc062723c751e8b465ee728b)
Start importing Assets/Animations/SpriteAnimations/HandDrawnEllipse/Still/HandDrawnEllipse 1_00015.png using Guid(f73eb5a22741f6848b6742e903214bf2) Importer(815301076,1909f56bfc062723c751e8b465ee728b)  -> (artifact id: 'bd0514518b1380a212dfd1d30f691e3e') in 0.042913 seconds 
  Import took 0.064133 seconds .

========================================================================
Received Import Request.
  Time since last request: 0.000349 seconds.
  path: Assets/Animations/SpriteAnimations/HandDrawnEllipse/Drawing/HandDrawnEllipse 1_00006.png
  artifactKey: Guid(bada5b40a42cb9540a5abd8b3cb5a312) Importer(815301076,1909f56bfc062723c751e8b465ee728b)
Start importing Assets/Animations/SpriteAnimations/HandDrawnEllipse/Drawing/HandDrawnEllipse 1_00006.png using Guid(bada5b40a42cb9540a5abd8b3cb5a312) Importer(815301076,1909f56bfc062723c751e8b465ee728b)  -> (artifact id: '2334333943ae304a7ee2672f66f35785') in 0.023151 seconds 
  Import took 0.038010 seconds .

========================================================================
Received Import Request.
  Time since last request: 0.000393 seconds.
  path: Assets/Animations/SpriteAnimations/HandDrawnEllipse/Drawing/HandDrawnEllipse 1_00002.png
  artifactKey: Guid(791e54fb59112a140b6091cd76821225) Importer(815301076,1909f56bfc062723c751e8b465ee728b)
Start importing Assets/Animations/SpriteAnimations/HandDrawnEllipse/Drawing/HandDrawnEllipse 1_00002.png using Guid(791e54fb59112a140b6091cd76821225) Importer(815301076,1909f56bfc062723c751e8b465ee728b)  -> (artifact id: '4d9fce4ca8c08806ea7ccada46711e29') in 0.015957 seconds 
  Import took 0.024050 seconds .

========================================================================
Received Import Request.
  Time since last request: 128.004508 seconds.
  path: Assets/Animations/WinScreen.controller
  artifactKey: Guid(33902ada484539d4fae5ce4e89b27c7a) Importer(815301076,1909f56bfc062723c751e8b465ee728b)
Start importing Assets/Animations/WinScreen.controller using Guid(33902ada484539d4fae5ce4e89b27c7a) Importer(815301076,1909f56bfc062723c751e8b465ee728b)  -> (artifact id: 'd0ce5fc368eb293f6d0fec38732754d6') in 0.011112 seconds 
  Import took 0.020493 seconds .

========================================================================
Received Prepare
Registering precompiled user dll's ...
Registered in 0.011684 seconds.
Begin MonoManager ReloadAssembly
Native extension for WindowsStandalone target not found
Native extension for WebGL target not found
Refreshing native plugins compatible for Editor in 1.25 ms, found 3 plugins.
Preloading 0 native plugins for Editor in 0.00 ms.
Mono: successfully reloaded assembly
- Completed reload, in  1.937 seconds
Domain Reload Profiling:
	ReloadAssembly (1937ms)
		BeginReloadAssembly (208ms)
			ExecutionOrderSort (0ms)
			DisableScriptedObjects (9ms)
			BackupInstance (0ms)
			ReleaseScriptingObjects (0ms)
			CreateAndSetChildDomain (58ms)
		EndReloadAssembly (1630ms)
			LoadAssemblies (188ms)
			RebuildTransferFunctionScriptingTraits (0ms)
			SetupTypeCache (558ms)
			ReleaseScriptCaches (2ms)
			RebuildScriptCaches (80ms)
			SetupLoadedEditorAssemblies (564ms)
				LogAssemblyErrors (0ms)
				InitializePlatformSupportModulesInManaged (8ms)
				SetLoadedEditorAssemblies (1ms)
				RefreshPlugins (1ms)
				BeforeProcessingInitializeOnLoad (182ms)
				ProcessInitializeOnLoadAttributes (337ms)
				ProcessInitializeOnLoadMethodAttributes (17ms)
				AfterProcessingInitializeOnLoad (18ms)
				EditorAssembliesLoaded (0ms)
			ExecutionOrderSort2 (0ms)
			AwakeInstancesAfterBackupRestoration (52ms)
Platform modules already initialized, skipping
Refreshing native plugins compatible for Editor in 1.93 ms, found 3 plugins.
Preloading 0 native plugins for Editor in 0.00 ms.
Unloading 4505 Unused Serialized files (Serialized files now loaded: 0)
System memory in use before: 180.9 MB.
System memory in use after: 181.1 MB.

Unloading 20 unused Assets to reduce memory usage. Loaded Objects now: 5125.
Total: 5.688900 ms (FindLiveObjects: 0.414800 ms CreateObjectMapping: 0.184500 ms MarkObjects: 5.059800 ms  DeleteObjects: 0.028100 ms)

AssetImportParameters requested are different than current active one (requested -> active):
  custom:framework-win-MediaFoundation: 216162199b28c13a410421893ffa2e32 -> 
  custom:video-decoder-ogg-theora: a1e56fd34408186e4bbccfd4996cb3dc -> 
  custom:container-muxer-webm: aa71ff27fc2769a1b78a27578f13a17b -> 
  custom:container-demuxer-webm: 4f35f7cbe854078d1ac9338744f61a02 -> 
  custom:container-demuxer-ogg: 62fdf1f143b41e24485cea50d1cbac27 -> 
  custom:video-encoder-webm-vp8: eb34c28f22e8b96e1ab97ce403110664 -> 
  custom:video-decoder-webm-vp8: 9c59270c3fd7afecdb556c50c9e8de78 -> 
  custom:audio-decoder-ogg-vorbis: bf7c407c2cedff20999df2af8eb42d56 -> 
  custom:audio-encoder-webm-vorbis: bf7c407c2cedff20999df2af8eb42d56 -> 
========================================================================
Received Import Request.
  Time since last request: 53.655638 seconds.
  path: Assets/Prefabs/InputManager.prefab
  artifactKey: Guid(87f186c2787915e4aa60a71ab7c6c397) Importer(815301076,1909f56bfc062723c751e8b465ee728b)
Start importing Assets/Prefabs/InputManager.prefab using Guid(87f186c2787915e4aa60a71ab7c6c397) Importer(815301076,1909f56bfc062723c751e8b465ee728b)  -> (artifact id: 'f408d4a9d7e0be64e6d9854214f7f464') in 0.088744 seconds 
  Import took 0.117777 seconds .

========================================================================
Received Import Request.
  Time since last request: 0.000360 seconds.
  path: Assets/Prefabs/OptionButton.prefab
  artifactKey: Guid(9901798a3644fbe46a8e82156c45f0c4) Importer(815301076,1909f56bfc062723c751e8b465ee728b)
Start importing Assets/Prefabs/OptionButton.prefab using Guid(9901798a3644fbe46a8e82156c45f0c4) Importer(815301076,1909f56bfc062723c751e8b465ee728b)  -> (artifact id: 'd8827d92f98b2f04a74623f17b18c76f') in 0.024576 seconds 
  Import took 0.037744 seconds .

========================================================================
Received Import Request.
  Time since last request: 0.000366 seconds.
  path: Assets/Prefabs/DialogueText.prefab
  artifactKey: Guid(19f76135e4b366a46a01a458abd9751d) Importer(815301076,1909f56bfc062723c751e8b465ee728b)
Start importing Assets/Prefabs/DialogueText.prefab using Guid(19f76135e4b366a46a01a458abd9751d) Importer(815301076,1909f56bfc062723c751e8b465ee728b)  -> (artifact id: '00e2555be1b5abb97e13ec6ef9096151') in 0.097224 seconds 
  Import took 0.112170 seconds .

========================================================================
Received Import Request.
  Time since last request: 0.517304 seconds.
  path: Assets/Prefabs/WinScreen.prefab
  artifactKey: Guid(7a60e511787fa494584b428ff69b6b9e) Importer(815301076,1909f56bfc062723c751e8b465ee728b)
Start importing Assets/Prefabs/WinScreen.prefab using Guid(7a60e511787fa494584b428ff69b6b9e) Importer(815301076,1909f56bfc062723c751e8b465ee728b)  -> (artifact id: '2190cc07a1427b000f2fb3133d7ebe5f') in 0.025294 seconds 
  Import took 0.054587 seconds .

========================================================================
Received Prepare
Registering precompiled user dll's ...
Registered in 0.012483 seconds.
Begin MonoManager ReloadAssembly
Native extension for WindowsStandalone target not found
Native extension for WebGL target not found
Refreshing native plugins compatible for Editor in 1.24 ms, found 3 plugins.
Preloading 0 native plugins for Editor in 0.00 ms.
Mono: successfully reloaded assembly
- Completed reload, in  1.941 seconds
Domain Reload Profiling:
	ReloadAssembly (1942ms)
		BeginReloadAssembly (197ms)
			ExecutionOrderSort (0ms)
			DisableScriptedObjects (10ms)
			BackupInstance (0ms)
			ReleaseScriptingObjects (0ms)
			CreateAndSetChildDomain (61ms)
		EndReloadAssembly (1642ms)
			LoadAssemblies (181ms)
			RebuildTransferFunctionScriptingTraits (0ms)
			SetupTypeCache (544ms)
			ReleaseScriptCaches (2ms)
			RebuildScriptCaches (77ms)
			SetupLoadedEditorAssemblies (575ms)
				LogAssemblyErrors (0ms)
				InitializePlatformSupportModulesInManaged (9ms)
				SetLoadedEditorAssemblies (1ms)
				RefreshPlugins (1ms)
				BeforeProcessingInitializeOnLoad (192ms)
				ProcessInitializeOnLoadAttributes (332ms)
				ProcessInitializeOnLoadMethodAttributes (19ms)
				AfterProcessingInitializeOnLoad (21ms)
				EditorAssembliesLoaded (0ms)
			ExecutionOrderSort2 (0ms)
			AwakeInstancesAfterBackupRestoration (59ms)
Platform modules already initialized, skipping
Refreshing native plugins compatible for Editor in 1.38 ms, found 3 plugins.
Preloading 0 native plugins for Editor in 0.00 ms.
Unloading 4505 Unused Serialized files (Serialized files now loaded: 0)
System memory in use before: 181.0 MB.
System memory in use after: 181.3 MB.

Unloading 20 unused Assets to reduce memory usage. Loaded Objects now: 5127.
Total: 7.162400 ms (FindLiveObjects: 0.427700 ms CreateObjectMapping: 0.178300 ms MarkObjects: 6.517200 ms  DeleteObjects: 0.037500 ms)

AssetImportParameters requested are different than current active one (requested -> active):
  custom:framework-win-MediaFoundation: 216162199b28c13a410421893ffa2e32 -> 
  custom:video-decoder-ogg-theora: a1e56fd34408186e4bbccfd4996cb3dc -> 
  custom:container-muxer-webm: aa71ff27fc2769a1b78a27578f13a17b -> 
  custom:container-demuxer-webm: 4f35f7cbe854078d1ac9338744f61a02 -> 
  custom:container-demuxer-ogg: 62fdf1f143b41e24485cea50d1cbac27 -> 
  custom:video-encoder-webm-vp8: eb34c28f22e8b96e1ab97ce403110664 -> 
  custom:video-decoder-webm-vp8: 9c59270c3fd7afecdb556c50c9e8de78 -> 
  custom:audio-decoder-ogg-vorbis: bf7c407c2cedff20999df2af8eb42d56 -> 
  custom:audio-encoder-webm-vorbis: bf7c407c2cedff20999df2af8eb42d56 -> 
========================================================================
Received Import Request.
  Time since last request: 204.501151 seconds.
  path: Assets/Animations/screen.anim
  artifactKey: Guid(79823f5990157484eb61525dd5c5159e) Importer(815301076,1909f56bfc062723c751e8b465ee728b)
Start importing Assets/Animations/screen.anim using Guid(79823f5990157484eb61525dd5c5159e) Importer(815301076,1909f56bfc062723c751e8b465ee728b)  -> (artifact id: '636ff6ce102582249a87cc6340e8ec56') in 0.022392 seconds 
  Import took 0.050012 seconds .

========================================================================
Received Prepare
Registering precompiled user dll's ...
Registered in 0.011764 seconds.
Begin MonoManager ReloadAssembly
Native extension for WindowsStandalone target not found
Native extension for WebGL target not found
Refreshing native plugins compatible for Editor in 1.33 ms, found 3 plugins.
Preloading 0 native plugins for Editor in 0.00 ms.
Mono: successfully reloaded assembly
- Completed reload, in  2.124 seconds
Domain Reload Profiling:
	ReloadAssembly (2125ms)
		BeginReloadAssembly (203ms)
			ExecutionOrderSort (0ms)
			DisableScriptedObjects (9ms)
			BackupInstance (0ms)
			ReleaseScriptingObjects (0ms)
			CreateAndSetChildDomain (59ms)
		EndReloadAssembly (1794ms)
			LoadAssemblies (215ms)
			RebuildTransferFunctionScriptingTraits (0ms)
			SetupTypeCache (591ms)
			ReleaseScriptCaches (2ms)
			RebuildScriptCaches (89ms)
			SetupLoadedEditorAssemblies (622ms)
				LogAssemblyErrors (0ms)
				InitializePlatformSupportModulesInManaged (8ms)
				SetLoadedEditorAssemblies (0ms)
				RefreshPlugins (1ms)
				BeforeProcessingInitializeOnLoad (197ms)
				ProcessInitializeOnLoadAttributes (377ms)
				ProcessInitializeOnLoadMethodAttributes (21ms)
				AfterProcessingInitializeOnLoad (17ms)
				EditorAssembliesLoaded (0ms)
			ExecutionOrderSort2 (0ms)
			AwakeInstancesAfterBackupRestoration (53ms)
Platform modules already initialized, skipping
Refreshing native plugins compatible for Editor in 1.26 ms, found 3 plugins.
Preloading 0 native plugins for Editor in 0.00 ms.
Unloading 4505 Unused Serialized files (Serialized files now loaded: 0)
System memory in use before: 181.1 MB.
System memory in use after: 181.3 MB.

Unloading 20 unused Assets to reduce memory usage. Loaded Objects now: 5129.
Total: 6.428100 ms (FindLiveObjects: 0.430800 ms CreateObjectMapping: 0.188800 ms MarkObjects: 5.775900 ms  DeleteObjects: 0.030700 ms)

AssetImportParameters requested are different than current active one (requested -> active):
  custom:framework-win-MediaFoundation: 216162199b28c13a410421893ffa2e32 -> 
  custom:video-decoder-ogg-theora: a1e56fd34408186e4bbccfd4996cb3dc -> 
  custom:container-muxer-webm: aa71ff27fc2769a1b78a27578f13a17b -> 
  custom:container-demuxer-webm: 4f35f7cbe854078d1ac9338744f61a02 -> 
  custom:container-demuxer-ogg: 62fdf1f143b41e24485cea50d1cbac27 -> 
  custom:video-encoder-webm-vp8: eb34c28f22e8b96e1ab97ce403110664 -> 
  custom:video-decoder-webm-vp8: 9c59270c3fd7afecdb556c50c9e8de78 -> 
  custom:audio-decoder-ogg-vorbis: bf7c407c2cedff20999df2af8eb42d56 -> 
  custom:audio-encoder-webm-vorbis: bf7c407c2cedff20999df2af8eb42d56 -> 
========================================================================
Received Prepare
Registering precompiled user dll's ...
Registered in 0.013294 seconds.
Begin MonoManager ReloadAssembly
Native extension for WindowsStandalone target not found
Native extension for WebGL target not found
Refreshing native plugins compatible for Editor in 1.21 ms, found 3 plugins.
Preloading 0 native plugins for Editor in 0.00 ms.
Mono: successfully reloaded assembly
- Completed reload, in  1.827 seconds
Domain Reload Profiling:
	ReloadAssembly (1827ms)
		BeginReloadAssembly (182ms)
			ExecutionOrderSort (0ms)
			DisableScriptedObjects (9ms)
			BackupInstance (0ms)
			ReleaseScriptingObjects (0ms)
			CreateAndSetChildDomain (52ms)
		EndReloadAssembly (1548ms)
			LoadAssemblies (177ms)
			RebuildTransferFunctionScriptingTraits (0ms)
			SetupTypeCache (506ms)
			ReleaseScriptCaches (2ms)
			RebuildScriptCaches (79ms)
			SetupLoadedEditorAssemblies (552ms)
				LogAssemblyErrors (0ms)
				InitializePlatformSupportModulesInManaged (7ms)
				SetLoadedEditorAssemblies (0ms)
				RefreshPlugins (1ms)
				BeforeProcessingInitializeOnLoad (190ms)
				ProcessInitializeOnLoadAttributes (317ms)
				ProcessInitializeOnLoadMethodAttributes (17ms)
				AfterProcessingInitializeOnLoad (17ms)
				EditorAssembliesLoaded (0ms)
			ExecutionOrderSort2 (0ms)
			AwakeInstancesAfterBackupRestoration (50ms)
Platform modules already initialized, skipping
Refreshing native plugins compatible for Editor in 1.30 ms, found 3 plugins.
Preloading 0 native plugins for Editor in 0.00 ms.
Unloading 4505 Unused Serialized files (Serialized files now loaded: 0)
System memory in use before: 181.1 MB.
System memory in use after: 181.3 MB.

Unloading 20 unused Assets to reduce memory usage. Loaded Objects now: 5131.
Total: 5.572200 ms (FindLiveObjects: 0.442200 ms CreateObjectMapping: 0.188900 ms MarkObjects: 4.900100 ms  DeleteObjects: 0.039200 ms)

AssetImportParameters requested are different than current active one (requested -> active):
  custom:framework-win-MediaFoundation: 216162199b28c13a410421893ffa2e32 -> 
  custom:video-decoder-ogg-theora: a1e56fd34408186e4bbccfd4996cb3dc -> 
  custom:container-muxer-webm: aa71ff27fc2769a1b78a27578f13a17b -> 
  custom:container-demuxer-webm: 4f35f7cbe854078d1ac9338744f61a02 -> 
  custom:container-demuxer-ogg: 62fdf1f143b41e24485cea50d1cbac27 -> 
  custom:video-encoder-webm-vp8: eb34c28f22e8b96e1ab97ce403110664 -> 
  custom:video-decoder-webm-vp8: 9c59270c3fd7afecdb556c50c9e8de78 -> 
  custom:audio-decoder-ogg-vorbis: bf7c407c2cedff20999df2af8eb42d56 -> 
  custom:audio-encoder-webm-vorbis: bf7c407c2cedff20999df2af8eb42d56 -> 
========================================================================
Received Prepare
Registering precompiled user dll's ...
Registered in 0.015431 seconds.
Begin MonoManager ReloadAssembly
Native extension for WindowsStandalone target not found
Native extension for WebGL target not found
Refreshing native plugins compatible for Editor in 1.30 ms, found 3 plugins.
Preloading 0 native plugins for Editor in 0.00 ms.
Mono: successfully reloaded assembly
- Completed reload, in  1.833 seconds
Domain Reload Profiling:
	ReloadAssembly (1833ms)
		BeginReloadAssembly (191ms)
			ExecutionOrderSort (0ms)
			DisableScriptedObjects (9ms)
			BackupInstance (0ms)
			ReleaseScriptingObjects (0ms)
			CreateAndSetChildDomain (53ms)
		EndReloadAssembly (1533ms)
			LoadAssemblies (182ms)
			RebuildTransferFunctionScriptingTraits (0ms)
			SetupTypeCache (515ms)
			ReleaseScriptCaches (2ms)
			RebuildScriptCaches (71ms)
			SetupLoadedEditorAssemblies (541ms)
				LogAssemblyErrors (0ms)
				InitializePlatformSupportModulesInManaged (7ms)
				SetLoadedEditorAssemblies (0ms)
				RefreshPlugins (1ms)
				BeforeProcessingInitializeOnLoad (178ms)
				ProcessInitializeOnLoadAttributes (317ms)
				ProcessInitializeOnLoadMethodAttributes (18ms)
				AfterProcessingInitializeOnLoad (18ms)
				EditorAssembliesLoaded (0ms)
			ExecutionOrderSort2 (0ms)
			AwakeInstancesAfterBackupRestoration (49ms)
Platform modules already initialized, skipping
Refreshing native plugins compatible for Editor in 1.37 ms, found 3 plugins.
Preloading 0 native plugins for Editor in 0.00 ms.
Unloading 4505 Unused Serialized files (Serialized files now loaded: 0)
System memory in use before: 181.1 MB.
System memory in use after: 181.4 MB.

Unloading 20 unused Assets to reduce memory usage. Loaded Objects now: 5133.
Total: 5.609800 ms (FindLiveObjects: 0.415500 ms CreateObjectMapping: 0.191800 ms MarkObjects: 4.953500 ms  DeleteObjects: 0.047400 ms)

AssetImportParameters requested are different than current active one (requested -> active):
  custom:framework-win-MediaFoundation: 216162199b28c13a410421893ffa2e32 -> 
  custom:video-decoder-ogg-theora: a1e56fd34408186e4bbccfd4996cb3dc -> 
  custom:container-muxer-webm: aa71ff27fc2769a1b78a27578f13a17b -> 
  custom:container-demuxer-webm: 4f35f7cbe854078d1ac9338744f61a02 -> 
  custom:container-demuxer-ogg: 62fdf1f143b41e24485cea50d1cbac27 -> 
  custom:video-encoder-webm-vp8: eb34c28f22e8b96e1ab97ce403110664 -> 
  custom:video-decoder-webm-vp8: 9c59270c3fd7afecdb556c50c9e8de78 -> 
  custom:audio-decoder-ogg-vorbis: bf7c407c2cedff20999df2af8eb42d56 -> 
  custom:audio-encoder-webm-vorbis: bf7c407c2cedff20999df2af8eb42d56 -> 
========================================================================
Received Prepare
Registering precompiled user dll's ...
Registered in 0.013839 seconds.
Begin MonoManager ReloadAssembly
Native extension for WindowsStandalone target not found
Native extension for WebGL target not found
Refreshing native plugins compatible for Editor in 1.25 ms, found 3 plugins.
Preloading 0 native plugins for Editor in 0.00 ms.
Mono: successfully reloaded assembly
- Completed reload, in  2.013 seconds
Domain Reload Profiling:
	ReloadAssembly (2013ms)
		BeginReloadAssembly (212ms)
			ExecutionOrderSort (0ms)
			DisableScriptedObjects (11ms)
			BackupInstance (0ms)
			ReleaseScriptingObjects (0ms)
			CreateAndSetChildDomain (58ms)
		EndReloadAssembly (1665ms)
			LoadAssemblies (203ms)
			RebuildTransferFunctionScriptingTraits (0ms)
			SetupTypeCache (586ms)
			ReleaseScriptCaches (2ms)
			RebuildScriptCaches (79ms)
			SetupLoadedEditorAssemblies (554ms)
				LogAssemblyErrors (0ms)
				InitializePlatformSupportModulesInManaged (8ms)
				SetLoadedEditorAssemblies (1ms)
				RefreshPlugins (1ms)
				BeforeProcessingInitializeOnLoad (186ms)
				ProcessInitializeOnLoadAttributes (322ms)
				ProcessInitializeOnLoadMethodAttributes (18ms)
				AfterProcessingInitializeOnLoad (19ms)
				EditorAssembliesLoaded (0ms)
			ExecutionOrderSort2 (0ms)
			AwakeInstancesAfterBackupRestoration (56ms)
Platform modules already initialized, skipping
Refreshing native plugins compatible for Editor in 1.49 ms, found 3 plugins.
Preloading 0 native plugins for Editor in 0.00 ms.
Unloading 4505 Unused Serialized files (Serialized files now loaded: 0)
System memory in use before: 181.1 MB.
System memory in use after: 181.4 MB.

Unloading 20 unused Assets to reduce memory usage. Loaded Objects now: 5135.
Total: 7.610900 ms (FindLiveObjects: 1.122200 ms CreateObjectMapping: 0.297700 ms MarkObjects: 6.159900 ms  DeleteObjects: 0.028900 ms)

AssetImportParameters requested are different than current active one (requested -> active):
  custom:framework-win-MediaFoundation: 216162199b28c13a410421893ffa2e32 -> 
  custom:video-decoder-ogg-theora: a1e56fd34408186e4bbccfd4996cb3dc -> 
  custom:container-muxer-webm: aa71ff27fc2769a1b78a27578f13a17b -> 
  custom:container-demuxer-webm: 4f35f7cbe854078d1ac9338744f61a02 -> 
  custom:container-demuxer-ogg: 62fdf1f143b41e24485cea50d1cbac27 -> 
  custom:video-encoder-webm-vp8: eb34c28f22e8b96e1ab97ce403110664 -> 
  custom:video-decoder-webm-vp8: 9c59270c3fd7afecdb556c50c9e8de78 -> 
  custom:audio-decoder-ogg-vorbis: bf7c407c2cedff20999df2af8eb42d56 -> 
  custom:audio-encoder-webm-vorbis: bf7c407c2cedff20999df2af8eb42d56 -> 
========================================================================
Received Import Request.
  Time since last request: 788.937062 seconds.
  path: Assets/Prefabs/WinScreen.prefab
  artifactKey: Guid(7a60e511787fa494584b428ff69b6b9e) Importer(815301076,1909f56bfc062723c751e8b465ee728b)
Start importing Assets/Prefabs/WinScreen.prefab using Guid(7a60e511787fa494584b428ff69b6b9e) Importer(815301076,1909f56bfc062723c751e8b465ee728b)  -> (artifact id: 'baefdfa2431c3384f48cf2cc6e76eada') in 0.108643 seconds 
  Import took 0.145772 seconds .

========================================================================
Received Import Request.
  Time since last request: 19.445348 seconds.
  path: Assets/Prefabs/StartGame.prefab
  artifactKey: Guid(9e0de763a7c42a04fa76553c04281496) Importer(815301076,1909f56bfc062723c751e8b465ee728b)
Start importing Assets/Prefabs/StartGame.prefab using Guid(9e0de763a7c42a04fa76553c04281496) Importer(815301076,1909f56bfc062723c751e8b465ee728b)  -> (artifact id: 'f8fee9adeaaf97058b0315857d69ed01') in 0.027590 seconds 
  Import took 0.037539 seconds .

========================================================================
Received Import Request.
  Time since last request: 4.040094 seconds.
  path: Assets/Scenes/KtoUbil.unity
  artifactKey: Guid(750bfca5cf5948948a84de3411e1de61) Importer(815301076,1909f56bfc062723c751e8b465ee728b)
Start importing Assets/Scenes/KtoUbil.unity using Guid(750bfca5cf5948948a84de3411e1de61) Importer(815301076,1909f56bfc062723c751e8b465ee728b)  -> (artifact id: '3366768ce1d171099fb74b6acdbf6d96') in 0.003734 seconds 
  Import took 0.026447 seconds .

========================================================================
Received Import Request.
  Time since last request: 24.613725 seconds.
  path: Assets/Prefabs/WinScreen.prefab
  artifactKey: Guid(7a60e511787fa494584b428ff69b6b9e) Importer(815301076,1909f56bfc062723c751e8b465ee728b)
Start importing Assets/Prefabs/WinScreen.prefab using Guid(7a60e511787fa494584b428ff69b6b9e) Importer(815301076,1909f56bfc062723c751e8b465ee728b)  -> (artifact id: 'b23d258eaaab8522f4060839c444f35a') in 0.020044 seconds 
  Import took 0.040036 seconds .

========================================================================
Received Import Request.
  Time since last request: 6.382522 seconds.
  path: Assets/Prefabs/WinScreen.prefab
  artifactKey: Guid(7a60e511787fa494584b428ff69b6b9e) Importer(815301076,1909f56bfc062723c751e8b465ee728b)
Start importing Assets/Prefabs/WinScreen.prefab using Guid(7a60e511787fa494584b428ff69b6b9e) Importer(815301076,1909f56bfc062723c751e8b465ee728b)  -> (artifact id: 'e672dd742802acff009357895d766035') in 0.032127 seconds 
  Import took 0.059930 seconds .

========================================================================
Received Import Request.
  Time since last request: 17.553106 seconds.
  path: Assets/Prefabs/WinScreen.prefab
  artifactKey: Guid(7a60e511787fa494584b428ff69b6b9e) Importer(815301076,1909f56bfc062723c751e8b465ee728b)
Start importing Assets/Prefabs/WinScreen.prefab using Guid(7a60e511787fa494584b428ff69b6b9e) Importer(815301076,1909f56bfc062723c751e8b465ee728b)  -> (artifact id: '419bcad8aedfe1087a97a6b4b993ccdc') in 0.023040 seconds 
  Import took 0.032698 seconds .

========================================================================
Received Prepare
Registering precompiled user dll's ...
Registered in 0.013513 seconds.
Begin MonoManager ReloadAssembly
Native extension for WindowsStandalone target not found
Native extension for WebGL target not found
Refreshing native plugins compatible for Editor in 1.34 ms, found 3 plugins.
Preloading 0 native plugins for Editor in 0.00 ms.
Mono: successfully reloaded assembly
- Completed reload, in  1.872 seconds
Domain Reload Profiling:
	ReloadAssembly (1873ms)
		BeginReloadAssembly (187ms)
			ExecutionOrderSort (0ms)
			DisableScriptedObjects (9ms)
			BackupInstance (0ms)
			ReleaseScriptingObjects (0ms)
			CreateAndSetChildDomain (52ms)
		EndReloadAssembly (1586ms)
			LoadAssemblies (180ms)
			RebuildTransferFunctionScriptingTraits (0ms)
			SetupTypeCache (522ms)
			ReleaseScriptCaches (2ms)
			RebuildScriptCaches (80ms)
			SetupLoadedEditorAssemblies (564ms)
				LogAssemblyErrors (0ms)
				InitializePlatformSupportModulesInManaged (9ms)
				SetLoadedEditorAssemblies (0ms)
				RefreshPlugins (1ms)
				BeforeProcessingInitializeOnLoad (186ms)
				ProcessInitializeOnLoadAttributes (333ms)
				ProcessInitializeOnLoadMethodAttributes (17ms)
				AfterProcessingInitializeOnLoad (17ms)
				EditorAssembliesLoaded (0ms)
			ExecutionOrderSort2 (0ms)
			AwakeInstancesAfterBackupRestoration (51ms)
Platform modules already initialized, skipping
Refreshing native plugins compatible for Editor in 1.24 ms, found 3 plugins.
Preloading 0 native plugins for Editor in 0.00 ms.
Unloading 4505 Unused Serialized files (Serialized files now loaded: 0)
System memory in use before: 181.1 MB.
System memory in use after: 181.4 MB.

Unloading 20 unused Assets to reduce memory usage. Loaded Objects now: 5137.
Total: 5.381800 ms (FindLiveObjects: 0.452100 ms CreateObjectMapping: 0.184100 ms MarkObjects: 4.717800 ms  DeleteObjects: 0.026200 ms)

AssetImportParameters requested are different than current active one (requested -> active):
  custom:framework-win-MediaFoundation: 216162199b28c13a410421893ffa2e32 -> 
  custom:video-decoder-ogg-theora: a1e56fd34408186e4bbccfd4996cb3dc -> 
  custom:container-muxer-webm: aa71ff27fc2769a1b78a27578f13a17b -> 
  custom:container-demuxer-webm: 4f35f7cbe854078d1ac9338744f61a02 -> 
  custom:container-demuxer-ogg: 62fdf1f143b41e24485cea50d1cbac27 -> 
  custom:video-encoder-webm-vp8: eb34c28f22e8b96e1ab97ce403110664 -> 
  custom:video-decoder-webm-vp8: 9c59270c3fd7afecdb556c50c9e8de78 -> 
  custom:audio-decoder-ogg-vorbis: bf7c407c2cedff20999df2af8eb42d56 -> 
  custom:audio-encoder-webm-vorbis: bf7c407c2cedff20999df2af8eb42d56 -> 
========================================================================
Received Prepare
Registering precompiled user dll's ...
Registered in 0.015277 seconds.
Begin MonoManager ReloadAssembly
Native extension for WindowsStandalone target not found
Native extension for WebGL target not found
Refreshing native plugins compatible for Editor in 1.79 ms, found 3 plugins.
Preloading 0 native plugins for Editor in 0.00 ms.
Mono: successfully reloaded assembly
- Completed reload, in  1.954 seconds
Domain Reload Profiling:
	ReloadAssembly (1955ms)
		BeginReloadAssembly (181ms)
			ExecutionOrderSort (0ms)
			DisableScriptedObjects (9ms)
			BackupInstance (0ms)
			ReleaseScriptingObjects (0ms)
			CreateAndSetChildDomain (49ms)
		EndReloadAssembly (1674ms)
			LoadAssemblies (179ms)
			RebuildTransferFunctionScriptingTraits (0ms)
			SetupTypeCache (528ms)
			ReleaseScriptCaches (2ms)
			RebuildScriptCaches (117ms)
			SetupLoadedEditorAssemblies (597ms)
				LogAssemblyErrors (0ms)
				InitializePlatformSupportModulesInManaged (8ms)
				SetLoadedEditorAssemblies (1ms)
				RefreshPlugins (2ms)
				BeforeProcessingInitializeOnLoad (212ms)
				ProcessInitializeOnLoadAttributes (338ms)
				ProcessInitializeOnLoadMethodAttributes (18ms)
				AfterProcessingInitializeOnLoad (18ms)
				EditorAssembliesLoaded (0ms)
			ExecutionOrderSort2 (0ms)
			AwakeInstancesAfterBackupRestoration (52ms)
Platform modules already initialized, skipping
Refreshing native plugins compatible for Editor in 1.66 ms, found 3 plugins.
Preloading 0 native plugins for Editor in 0.00 ms.
Unloading 4505 Unused Serialized files (Serialized files now loaded: 0)
System memory in use before: 181.1 MB.
System memory in use after: 181.4 MB.

Unloading 20 unused Assets to reduce memory usage. Loaded Objects now: 5139.
Total: 5.465300 ms (FindLiveObjects: 0.466000 ms CreateObjectMapping: 0.175500 ms MarkObjects: 4.794900 ms  DeleteObjects: 0.027200 ms)

AssetImportParameters requested are different than current active one (requested -> active):
  custom:framework-win-MediaFoundation: 216162199b28c13a410421893ffa2e32 -> 
  custom:video-decoder-ogg-theora: a1e56fd34408186e4bbccfd4996cb3dc -> 
  custom:container-muxer-webm: aa71ff27fc2769a1b78a27578f13a17b -> 
  custom:container-demuxer-webm: 4f35f7cbe854078d1ac9338744f61a02 -> 
  custom:container-demuxer-ogg: 62fdf1f143b41e24485cea50d1cbac27 -> 
  custom:video-encoder-webm-vp8: eb34c28f22e8b96e1ab97ce403110664 -> 
  custom:video-decoder-webm-vp8: 9c59270c3fd7afecdb556c50c9e8de78 -> 
  custom:audio-decoder-ogg-vorbis: bf7c407c2cedff20999df2af8eb42d56 -> 
  custom:audio-encoder-webm-vorbis: bf7c407c2cedff20999df2af8eb42d56 -> 
========================================================================
Received Prepare
Registering precompiled user dll's ...
Registered in 0.012238 seconds.
Begin MonoManager ReloadAssembly
Native extension for WindowsStandalone target not found
Native extension for WebGL target not found
Refreshing native plugins compatible for Editor in 1.23 ms, found 3 plugins.
Preloading 0 native plugins for Editor in 0.00 ms.
Mono: successfully reloaded assembly
- Completed reload, in  1.900 seconds
Domain Reload Profiling:
	ReloadAssembly (1901ms)
		BeginReloadAssembly (188ms)
			ExecutionOrderSort (0ms)
			DisableScriptedObjects (9ms)
			BackupInstance (0ms)
			ReleaseScriptingObjects (0ms)
			CreateAndSetChildDomain (52ms)
		EndReloadAssembly (1607ms)
			LoadAssemblies (179ms)
			RebuildTransferFunctionScriptingTraits (0ms)
			SetupTypeCache (548ms)
			ReleaseScriptCaches (2ms)
			RebuildScriptCaches (72ms)
			SetupLoadedEditorAssemblies (564ms)
				LogAssemblyErrors (0ms)
				InitializePlatformSupportModulesInManaged (7ms)
				SetLoadedEditorAssemblies (0ms)
				RefreshPlugins (1ms)
				BeforeProcessingInitializeOnLoad (183ms)
				ProcessInitializeOnLoadAttributes (332ms)
				ProcessInitializeOnLoadMethodAttributes (18ms)
				AfterProcessingInitializeOnLoad (22ms)
				EditorAssembliesLoaded (0ms)
			ExecutionOrderSort2 (0ms)
			AwakeInstancesAfterBackupRestoration (56ms)
Platform modules already initialized, skipping
Refreshing native plugins compatible for Editor in 1.27 ms, found 3 plugins.
Preloading 0 native plugins for Editor in 0.00 ms.
Unloading 4505 Unused Serialized files (Serialized files now loaded: 0)
System memory in use before: 181.2 MB.
System memory in use after: 181.4 MB.

Unloading 20 unused Assets to reduce memory usage. Loaded Objects now: 5141.
Total: 5.750400 ms (FindLiveObjects: 0.482300 ms CreateObjectMapping: 0.227900 ms MarkObjects: 5.010500 ms  DeleteObjects: 0.027700 ms)

AssetImportParameters requested are different than current active one (requested -> active):
  custom:framework-win-MediaFoundation: 216162199b28c13a410421893ffa2e32 -> 
  custom:video-decoder-ogg-theora: a1e56fd34408186e4bbccfd4996cb3dc -> 
  custom:container-muxer-webm: aa71ff27fc2769a1b78a27578f13a17b -> 
  custom:container-demuxer-webm: 4f35f7cbe854078d1ac9338744f61a02 -> 
  custom:container-demuxer-ogg: 62fdf1f143b41e24485cea50d1cbac27 -> 
  custom:video-encoder-webm-vp8: eb34c28f22e8b96e1ab97ce403110664 -> 
  custom:video-decoder-webm-vp8: 9c59270c3fd7afecdb556c50c9e8de78 -> 
  custom:audio-decoder-ogg-vorbis: bf7c407c2cedff20999df2af8eb42d56 -> 
  custom:audio-encoder-webm-vorbis: bf7c407c2cedff20999df2af8eb42d56 -> 
========================================================================
Received Import Request.
  Time since last request: 467.394725 seconds.
  path: Assets/Prefabs/WinScreen.prefab
  artifactKey: Guid(7a60e511787fa494584b428ff69b6b9e) Importer(815301076,1909f56bfc062723c751e8b465ee728b)
Start importing Assets/Prefabs/WinScreen.prefab using Guid(7a60e511787fa494584b428ff69b6b9e) Importer(815301076,1909f56bfc062723c751e8b465ee728b)  -> (artifact id: '190fb21fcf4b73745ae40be00c88ec56') in 0.118495 seconds 
  Import took 0.132367 seconds .

========================================================================
Received Prepare
Registering precompiled user dll's ...
Registered in 0.013844 seconds.
Begin MonoManager ReloadAssembly
Native extension for WindowsStandalone target not found
Native extension for WebGL target not found
Refreshing native plugins compatible for Editor in 1.27 ms, found 3 plugins.
Preloading 0 native plugins for Editor in 0.00 ms.
Mono: successfully reloaded assembly
- Completed reload, in  1.896 seconds
Domain Reload Profiling:
	ReloadAssembly (1896ms)
		BeginReloadAssembly (184ms)
			ExecutionOrderSort (0ms)
			DisableScriptedObjects (9ms)
			BackupInstance (0ms)
			ReleaseScriptingObjects (0ms)
			CreateAndSetChildDomain (50ms)
		EndReloadAssembly (1614ms)
			LoadAssemblies (176ms)
			RebuildTransferFunctionScriptingTraits (0ms)
			SetupTypeCache (539ms)
			ReleaseScriptCaches (2ms)
			RebuildScriptCaches (74ms)
			SetupLoadedEditorAssemblies (579ms)
				LogAssemblyErrors (0ms)
				InitializePlatformSupportModulesInManaged (8ms)
				SetLoadedEditorAssemblies (1ms)
				RefreshPlugins (1ms)
				BeforeProcessingInitializeOnLoad (194ms)
				ProcessInitializeOnLoadAttributes (340ms)
				ProcessInitializeOnLoadMethodAttributes (17ms)
				AfterProcessingInitializeOnLoad (18ms)
				EditorAssembliesLoaded (0ms)
			ExecutionOrderSort2 (0ms)
			AwakeInstancesAfterBackupRestoration (52ms)
Platform modules already initialized, skipping
Refreshing native plugins compatible for Editor in 1.22 ms, found 3 plugins.
Preloading 0 native plugins for Editor in 0.00 ms.
Unloading 4505 Unused Serialized files (Serialized files now loaded: 0)
System memory in use before: 181.2 MB.
System memory in use after: 181.4 MB.

Unloading 20 unused Assets to reduce memory usage. Loaded Objects now: 5143.
Total: 5.136100 ms (FindLiveObjects: 0.373100 ms CreateObjectMapping: 0.177800 ms MarkObjects: 4.543900 ms  DeleteObjects: 0.039800 ms)

AssetImportParameters requested are different than current active one (requested -> active):
  custom:framework-win-MediaFoundation: 216162199b28c13a410421893ffa2e32 -> 
  custom:video-decoder-ogg-theora: a1e56fd34408186e4bbccfd4996cb3dc -> 
  custom:container-muxer-webm: aa71ff27fc2769a1b78a27578f13a17b -> 
  custom:container-demuxer-webm: 4f35f7cbe854078d1ac9338744f61a02 -> 
  custom:container-demuxer-ogg: 62fdf1f143b41e24485cea50d1cbac27 -> 
  custom:video-encoder-webm-vp8: eb34c28f22e8b96e1ab97ce403110664 -> 
  custom:video-decoder-webm-vp8: 9c59270c3fd7afecdb556c50c9e8de78 -> 
  custom:audio-decoder-ogg-vorbis: bf7c407c2cedff20999df2af8eb42d56 -> 
  custom:audio-encoder-webm-vorbis: bf7c407c2cedff20999df2af8eb42d56 -> 
========================================================================
Received Prepare
Registering precompiled user dll's ...
Registered in 0.012347 seconds.
Begin MonoManager ReloadAssembly
Native extension for WindowsStandalone target not found
Native extension for WebGL target not found
Refreshing native plugins compatible for Editor in 1.43 ms, found 3 plugins.
Preloading 0 native plugins for Editor in 0.00 ms.
Mono: successfully reloaded assembly
- Completed reload, in  1.887 seconds
Domain Reload Profiling:
	ReloadAssembly (1888ms)
		BeginReloadAssembly (186ms)
			ExecutionOrderSort (0ms)
			DisableScriptedObjects (11ms)
			BackupInstance (0ms)
			ReleaseScriptingObjects (0ms)
			CreateAndSetChildDomain (49ms)
		EndReloadAssembly (1605ms)
			LoadAssemblies (178ms)
			RebuildTransferFunctionScriptingTraits (0ms)
			SetupTypeCache (558ms)
			ReleaseScriptCaches (2ms)
			RebuildScriptCaches (77ms)
			SetupLoadedEditorAssemblies (556ms)
				LogAssemblyErrors (0ms)
				InitializePlatformSupportModulesInManaged (8ms)
				SetLoadedEditorAssemblies (0ms)
				RefreshPlugins (2ms)
				BeforeProcessingInitializeOnLoad (183ms)
				ProcessInitializeOnLoadAttributes (328ms)
				ProcessInitializeOnLoadMethodAttributes (17ms)
				AfterProcessingInitializeOnLoad (19ms)
				EditorAssembliesLoaded (0ms)
			ExecutionOrderSort2 (0ms)
			AwakeInstancesAfterBackupRestoration (51ms)
Platform modules already initialized, skipping
Refreshing native plugins compatible for Editor in 1.25 ms, found 3 plugins.
Preloading 0 native plugins for Editor in 0.00 ms.
Unloading 4505 Unused Serialized files (Serialized files now loaded: 0)
System memory in use before: 181.2 MB.
System memory in use after: 181.4 MB.

Unloading 20 unused Assets to reduce memory usage. Loaded Objects now: 5145.
Total: 6.297900 ms (FindLiveObjects: 0.426500 ms CreateObjectMapping: 0.186900 ms MarkObjects: 5.637800 ms  DeleteObjects: 0.044900 ms)

AssetImportParameters requested are different than current active one (requested -> active):
  custom:framework-win-MediaFoundation: 216162199b28c13a410421893ffa2e32 -> 
  custom:video-decoder-ogg-theora: a1e56fd34408186e4bbccfd4996cb3dc -> 
  custom:container-muxer-webm: aa71ff27fc2769a1b78a27578f13a17b -> 
  custom:container-demuxer-webm: 4f35f7cbe854078d1ac9338744f61a02 -> 
  custom:container-demuxer-ogg: 62fdf1f143b41e24485cea50d1cbac27 -> 
  custom:video-encoder-webm-vp8: eb34c28f22e8b96e1ab97ce403110664 -> 
  custom:video-decoder-webm-vp8: 9c59270c3fd7afecdb556c50c9e8de78 -> 
  custom:audio-decoder-ogg-vorbis: bf7c407c2cedff20999df2af8eb42d56 -> 
  custom:audio-encoder-webm-vorbis: bf7c407c2cedff20999df2af8eb42d56 -> 
========================================================================
Received Prepare
Registering precompiled user dll's ...
Registered in 0.012652 seconds.
Begin MonoManager ReloadAssembly
Native extension for WindowsStandalone target not found
Native extension for WebGL target not found
Refreshing native plugins compatible for Editor in 1.27 ms, found 3 plugins.
Preloading 0 native plugins for Editor in 0.00 ms.
Mono: successfully reloaded assembly
- Completed reload, in  1.996 seconds
Domain Reload Profiling:
	ReloadAssembly (1997ms)
		BeginReloadAssembly (202ms)
			ExecutionOrderSort (0ms)
			DisableScriptedObjects (12ms)
			BackupInstance (0ms)
			ReleaseScriptingObjects (0ms)
			CreateAndSetChildDomain (55ms)
		EndReloadAssembly (1687ms)
			LoadAssemblies (220ms)
			RebuildTransferFunctionScriptingTraits (0ms)
			SetupTypeCache (561ms)
			ReleaseScriptCaches (2ms)
			RebuildScriptCaches (96ms)
			SetupLoadedEditorAssemblies (560ms)
				LogAssemblyErrors (0ms)
				InitializePlatformSupportModulesInManaged (8ms)
				SetLoadedEditorAssemblies (0ms)
				RefreshPlugins (1ms)
				BeforeProcessingInitializeOnLoad (186ms)
				ProcessInitializeOnLoadAttributes (325ms)
				ProcessInitializeOnLoadMethodAttributes (21ms)
				AfterProcessingInitializeOnLoad (18ms)
				EditorAssembliesLoaded (0ms)
			ExecutionOrderSort2 (0ms)
			AwakeInstancesAfterBackupRestoration (53ms)
Platform modules already initialized, skipping
Refreshing native plugins compatible for Editor in 1.25 ms, found 3 plugins.
Preloading 0 native plugins for Editor in 0.00 ms.
Unloading 4505 Unused Serialized files (Serialized files now loaded: 0)
System memory in use before: 181.2 MB.
System memory in use after: 181.4 MB.

Unloading 20 unused Assets to reduce memory usage. Loaded Objects now: 5147.
Total: 5.184000 ms (FindLiveObjects: 0.381600 ms CreateObjectMapping: 0.182600 ms MarkObjects: 4.592000 ms  DeleteObjects: 0.025900 ms)

AssetImportParameters requested are different than current active one (requested -> active):
  custom:framework-win-MediaFoundation: 216162199b28c13a410421893ffa2e32 -> 
  custom:video-decoder-ogg-theora: a1e56fd34408186e4bbccfd4996cb3dc -> 
  custom:container-muxer-webm: aa71ff27fc2769a1b78a27578f13a17b -> 
  custom:container-demuxer-webm: 4f35f7cbe854078d1ac9338744f61a02 -> 
  custom:container-demuxer-ogg: 62fdf1f143b41e24485cea50d1cbac27 -> 
  custom:video-encoder-webm-vp8: eb34c28f22e8b96e1ab97ce403110664 -> 
  custom:video-decoder-webm-vp8: 9c59270c3fd7afecdb556c50c9e8de78 -> 
  custom:audio-decoder-ogg-vorbis: bf7c407c2cedff20999df2af8eb42d56 -> 
  custom:audio-encoder-webm-vorbis: bf7c407c2cedff20999df2af8eb42d56 -> 
========================================================================
Received Prepare
Registering precompiled user dll's ...
Registered in 0.030144 seconds.
Begin MonoManager ReloadAssembly
Native extension for WindowsStandalone target not found
Native extension for WebGL target not found
Refreshing native plugins compatible for Editor in 1.28 ms, found 3 plugins.
Preloading 0 native plugins for Editor in 0.00 ms.
Mono: successfully reloaded assembly
- Completed reload, in  2.087 seconds
Domain Reload Profiling:
	ReloadAssembly (2087ms)
		BeginReloadAssembly (208ms)
			ExecutionOrderSort (0ms)
			DisableScriptedObjects (9ms)
			BackupInstance (0ms)
			ReleaseScriptingObjects (0ms)
			CreateAndSetChildDomain (50ms)
		EndReloadAssembly (1767ms)
			LoadAssemblies (205ms)
			RebuildTransferFunctionScriptingTraits (0ms)
			SetupTypeCache (600ms)
			ReleaseScriptCaches (2ms)
			RebuildScriptCaches (83ms)
			SetupLoadedEditorAssemblies (623ms)
				LogAssemblyErrors (0ms)
				InitializePlatformSupportModulesInManaged (8ms)
				SetLoadedEditorAssemblies (1ms)
				RefreshPlugins (1ms)
				BeforeProcessingInitializeOnLoad (199ms)
				ProcessInitializeOnLoadAttributes (360ms)
				ProcessInitializeOnLoadMethodAttributes (31ms)
				AfterProcessingInitializeOnLoad (23ms)
				EditorAssembliesLoaded (0ms)
			ExecutionOrderSort2 (0ms)
			AwakeInstancesAfterBackupRestoration (56ms)
Platform modules already initialized, skipping
Refreshing native plugins compatible for Editor in 1.72 ms, found 3 plugins.
Preloading 0 native plugins for Editor in 0.00 ms.
Unloading 4505 Unused Serialized files (Serialized files now loaded: 0)
System memory in use before: 181.2 MB.
System memory in use after: 181.5 MB.

Unloading 20 unused Assets to reduce memory usage. Loaded Objects now: 5149.
Total: 5.454400 ms (FindLiveObjects: 0.395700 ms CreateObjectMapping: 0.192200 ms MarkObjects: 4.837100 ms  DeleteObjects: 0.027400 ms)

AssetImportParameters requested are different than current active one (requested -> active):
  custom:framework-win-MediaFoundation: 216162199b28c13a410421893ffa2e32 -> 
  custom:video-decoder-ogg-theora: a1e56fd34408186e4bbccfd4996cb3dc -> 
  custom:container-muxer-webm: aa71ff27fc2769a1b78a27578f13a17b -> 
  custom:container-demuxer-webm: 4f35f7cbe854078d1ac9338744f61a02 -> 
  custom:container-demuxer-ogg: 62fdf1f143b41e24485cea50d1cbac27 -> 
  custom:video-encoder-webm-vp8: eb34c28f22e8b96e1ab97ce403110664 -> 
  custom:video-decoder-webm-vp8: 9c59270c3fd7afecdb556c50c9e8de78 -> 
  custom:audio-decoder-ogg-vorbis: bf7c407c2cedff20999df2af8eb42d56 -> 
  custom:audio-encoder-webm-vorbis: bf7c407c2cedff20999df2af8eb42d56 -> 
========================================================================
Received Prepare
Registering precompiled user dll's ...
Registered in 0.011897 seconds.
Begin MonoManager ReloadAssembly
Native extension for WindowsStandalone target not found
Native extension for WebGL target not found
Refreshing native plugins compatible for Editor in 1.25 ms, found 3 plugins.
Preloading 0 native plugins for Editor in 0.00 ms.
Mono: successfully reloaded assembly
- Completed reload, in  1.921 seconds
Domain Reload Profiling:
	ReloadAssembly (1922ms)
		BeginReloadAssembly (181ms)
			ExecutionOrderSort (0ms)
			DisableScriptedObjects (9ms)
			BackupInstance (0ms)
			ReleaseScriptingObjects (0ms)
			CreateAndSetChildDomain (48ms)
		EndReloadAssembly (1639ms)
			LoadAssemblies (182ms)
			RebuildTransferFunctionScriptingTraits (0ms)
			SetupTypeCache (530ms)
			ReleaseScriptCaches (2ms)
			RebuildScriptCaches (70ms)
			SetupLoadedEditorAssemblies (589ms)
				LogAssemblyErrors (0ms)
				InitializePlatformSupportModulesInManaged (8ms)
				SetLoadedEditorAssemblies (1ms)
				RefreshPlugins (1ms)
				BeforeProcessingInitializeOnLoad (201ms)
				ProcessInitializeOnLoadAttributes (329ms)
				ProcessInitializeOnLoadMethodAttributes (26ms)
				AfterProcessingInitializeOnLoad (23ms)
				EditorAssembliesLoaded (0ms)
			ExecutionOrderSort2 (0ms)
			AwakeInstancesAfterBackupRestoration (63ms)
Platform modules already initialized, skipping
Refreshing native plugins compatible for Editor in 1.43 ms, found 3 plugins.
Preloading 0 native plugins for Editor in 0.00 ms.
Unloading 4505 Unused Serialized files (Serialized files now loaded: 0)
System memory in use before: 181.2 MB.
System memory in use after: 181.5 MB.

Unloading 20 unused Assets to reduce memory usage. Loaded Objects now: 5151.
Total: 5.573300 ms (FindLiveObjects: 0.443600 ms CreateObjectMapping: 0.619800 ms MarkObjects: 4.472600 ms  DeleteObjects: 0.035400 ms)

AssetImportParameters requested are different than current active one (requested -> active):
  custom:framework-win-MediaFoundation: 216162199b28c13a410421893ffa2e32 -> 
  custom:video-decoder-ogg-theora: a1e56fd34408186e4bbccfd4996cb3dc -> 
  custom:container-muxer-webm: aa71ff27fc2769a1b78a27578f13a17b -> 
  custom:container-demuxer-webm: 4f35f7cbe854078d1ac9338744f61a02 -> 
  custom:container-demuxer-ogg: 62fdf1f143b41e24485cea50d1cbac27 -> 
  custom:video-encoder-webm-vp8: eb34c28f22e8b96e1ab97ce403110664 -> 
  custom:video-decoder-webm-vp8: 9c59270c3fd7afecdb556c50c9e8de78 -> 
  custom:audio-decoder-ogg-vorbis: bf7c407c2cedff20999df2af8eb42d56 -> 
  custom:audio-encoder-webm-vorbis: bf7c407c2cedff20999df2af8eb42d56 -> 
========================================================================
Received Import Request.
  Time since last request: 305.577039 seconds.
  path: Assets/Prefabs/WinScreen.prefab
  artifactKey: Guid(7a60e511787fa494584b428ff69b6b9e) Importer(815301076,1909f56bfc062723c751e8b465ee728b)
Start importing Assets/Prefabs/WinScreen.prefab using Guid(7a60e511787fa494584b428ff69b6b9e) Importer(815301076,1909f56bfc062723c751e8b465ee728b)  -> (artifact id: 'ea1d91e5daede13bc31d48d08419c48e') in 0.115790 seconds 
  Import took 0.132513 seconds .

========================================================================
Received Import Request.
  Time since last request: 1.189498 seconds.
  path: Assets/Prefabs/WinScreen.prefab
  artifactKey: Guid(7a60e511787fa494584b428ff69b6b9e) Importer(815301076,1909f56bfc062723c751e8b465ee728b)
Start importing Assets/Prefabs/WinScreen.prefab using Guid(7a60e511787fa494584b428ff69b6b9e) Importer(815301076,1909f56bfc062723c751e8b465ee728b)  -> (artifact id: 'd89dfe6ee964a7011531c78098fcf620') in 0.021336 seconds 
  Import took 0.030120 seconds .

========================================================================
Received Import Request.
  Time since last request: 0.611688 seconds.
  path: Assets/Prefabs/WinScreen.prefab
  artifactKey: Guid(7a60e511787fa494584b428ff69b6b9e) Importer(815301076,1909f56bfc062723c751e8b465ee728b)
Start importing Assets/Prefabs/WinScreen.prefab using Guid(7a60e511787fa494584b428ff69b6b9e) Importer(815301076,1909f56bfc062723c751e8b465ee728b)  -> (artifact id: '1be6d852b4c224f837b60112c567475f') in 0.020096 seconds 
  Import took 0.029300 seconds .

========================================================================
Received Import Request.
  Time since last request: 2.999598 seconds.
  path: Assets/Prefabs/WinScreen.prefab
  artifactKey: Guid(7a60e511787fa494584b428ff69b6b9e) Importer(815301076,1909f56bfc062723c751e8b465ee728b)
Start importing Assets/Prefabs/WinScreen.prefab using Guid(7a60e511787fa494584b428ff69b6b9e) Importer(815301076,1909f56bfc062723c751e8b465ee728b)  -> (artifact id: '8eb3349b53674419bde82c5ad09a74b5') in 0.021312 seconds 
  Import took 0.042940 seconds .

========================================================================
Received Import Request.
  Time since last request: 2.027194 seconds.
  path: Assets/Prefabs/WinScreen.prefab
  artifactKey: Guid(7a60e511787fa494584b428ff69b6b9e) Importer(815301076,1909f56bfc062723c751e8b465ee728b)
Start importing Assets/Prefabs/WinScreen.prefab using Guid(7a60e511787fa494584b428ff69b6b9e) Importer(815301076,1909f56bfc062723c751e8b465ee728b)  -> (artifact id: '9875efbaccfd4b6ecc119ae0474e3789') in 0.020853 seconds 
  Import took 0.043173 seconds .

========================================================================
Received Import Request.
  Time since last request: 3.220269 seconds.
  path: Assets/Prefabs/WinScreen.prefab
  artifactKey: Guid(7a60e511787fa494584b428ff69b6b9e) Importer(815301076,1909f56bfc062723c751e8b465ee728b)
Start importing Assets/Prefabs/WinScreen.prefab using Guid(7a60e511787fa494584b428ff69b6b9e) Importer(815301076,1909f56bfc062723c751e8b465ee728b)  -> (artifact id: 'd842db821ff1860345ec55b08dbb0072') in 0.027356 seconds 
  Import took 0.037872 seconds .

========================================================================
Received Import Request.
  Time since last request: 11.729865 seconds.
  path: Assets/Prefabs/WinScreen.prefab
  artifactKey: Guid(7a60e511787fa494584b428ff69b6b9e) Importer(815301076,1909f56bfc062723c751e8b465ee728b)
Start importing Assets/Prefabs/WinScreen.prefab using Guid(7a60e511787fa494584b428ff69b6b9e) Importer(815301076,1909f56bfc062723c751e8b465ee728b)  -> (artifact id: '19164d43dde0441b8257435cfea296de') in 0.021139 seconds 
  Import took 0.030499 seconds .

========================================================================
Received Prepare
Registering precompiled user dll's ...
Registered in 0.012159 seconds.
Begin MonoManager ReloadAssembly
Native extension for WindowsStandalone target not found
Native extension for WebGL target not found
Refreshing native plugins compatible for Editor in 1.45 ms, found 3 plugins.
Preloading 0 native plugins for Editor in 0.00 ms.
Mono: successfully reloaded assembly
- Completed reload, in  1.885 seconds
Domain Reload Profiling:
	ReloadAssembly (1885ms)
		BeginReloadAssembly (186ms)
			ExecutionOrderSort (0ms)
			DisableScriptedObjects (8ms)
			BackupInstance (0ms)
			ReleaseScriptingObjects (0ms)
			CreateAndSetChildDomain (50ms)
		EndReloadAssembly (1592ms)
			LoadAssemblies (186ms)
			RebuildTransferFunctionScriptingTraits (0ms)
			SetupTypeCache (532ms)
			ReleaseScriptCaches (2ms)
			RebuildScriptCaches (80ms)
			SetupLoadedEditorAssemblies (540ms)
				LogAssemblyErrors (0ms)
				InitializePlatformSupportModulesInManaged (11ms)
				SetLoadedEditorAssemblies (1ms)
				RefreshPlugins (2ms)
				BeforeProcessingInitializeOnLoad (180ms)
				ProcessInitializeOnLoadAttributes (312ms)
				ProcessInitializeOnLoadMethodAttributes (17ms)
				AfterProcessingInitializeOnLoad (17ms)
				EditorAssembliesLoaded (0ms)
			ExecutionOrderSort2 (0ms)
			AwakeInstancesAfterBackupRestoration (51ms)
Platform modules already initialized, skipping
Refreshing native plugins compatible for Editor in 1.23 ms, found 3 plugins.
Preloading 0 native plugins for Editor in 0.00 ms.
Unloading 4505 Unused Serialized files (Serialized files now loaded: 0)
System memory in use before: 181.2 MB.
System memory in use after: 181.5 MB.

Unloading 20 unused Assets to reduce memory usage. Loaded Objects now: 5153.
Total: 5.706700 ms (FindLiveObjects: 0.464000 ms CreateObjectMapping: 0.187400 ms MarkObjects: 5.026000 ms  DeleteObjects: 0.027600 ms)

AssetImportParameters requested are different than current active one (requested -> active):
  custom:framework-win-MediaFoundation: 216162199b28c13a410421893ffa2e32 -> 
  custom:video-decoder-ogg-theora: a1e56fd34408186e4bbccfd4996cb3dc -> 
  custom:container-muxer-webm: aa71ff27fc2769a1b78a27578f13a17b -> 
  custom:container-demuxer-webm: 4f35f7cbe854078d1ac9338744f61a02 -> 
  custom:container-demuxer-ogg: 62fdf1f143b41e24485cea50d1cbac27 -> 
  custom:video-encoder-webm-vp8: eb34c28f22e8b96e1ab97ce403110664 -> 
  custom:video-decoder-webm-vp8: 9c59270c3fd7afecdb556c50c9e8de78 -> 
  custom:audio-decoder-ogg-vorbis: bf7c407c2cedff20999df2af8eb42d56 -> 
  custom:audio-encoder-webm-vorbis: bf7c407c2cedff20999df2af8eb42d56 -> 
========================================================================
Received Import Request.
  Time since last request: 63.081781 seconds.
  path: Assets/Prefabs/WinScreen.prefab
  artifactKey: Guid(7a60e511787fa494584b428ff69b6b9e) Importer(815301076,1909f56bfc062723c751e8b465ee728b)
Start importing Assets/Prefabs/WinScreen.prefab using Guid(7a60e511787fa494584b428ff69b6b9e) Importer(815301076,1909f56bfc062723c751e8b465ee728b)  -> (artifact id: '8a1d5bbef059c66fee013e1466494386') in 0.106730 seconds 
  Import took 0.136080 seconds .

========================================================================
Received Import Request.
  Time since last request: 5.432752 seconds.
  path: Assets/Prefabs/WinScreen.prefab
  artifactKey: Guid(7a60e511787fa494584b428ff69b6b9e) Importer(815301076,1909f56bfc062723c751e8b465ee728b)
Start importing Assets/Prefabs/WinScreen.prefab using Guid(7a60e511787fa494584b428ff69b6b9e) Importer(815301076,1909f56bfc062723c751e8b465ee728b)  -> (artifact id: '3b84dc7520a21b07bdcdff3cd546c9fc') in 0.031241 seconds 
  Import took 0.042577 seconds .

========================================================================
Received Import Request.
  Time since last request: 0.999349 seconds.
  path: Assets/Prefabs/WinScreen.prefab
  artifactKey: Guid(7a60e511787fa494584b428ff69b6b9e) Importer(815301076,1909f56bfc062723c751e8b465ee728b)
Start importing Assets/Prefabs/WinScreen.prefab using Guid(7a60e511787fa494584b428ff69b6b9e) Importer(815301076,1909f56bfc062723c751e8b465ee728b)  -> (artifact id: '198acaf547ea08b5e5046b9533652c7c') in 0.020143 seconds 
  Import took 0.029094 seconds .

========================================================================
Received Import Request.
  Time since last request: 3.209819 seconds.
  path: Assets/Prefabs/WinScreen.prefab
  artifactKey: Guid(7a60e511787fa494584b428ff69b6b9e) Importer(815301076,1909f56bfc062723c751e8b465ee728b)
Start importing Assets/Prefabs/WinScreen.prefab using Guid(7a60e511787fa494584b428ff69b6b9e) Importer(815301076,1909f56bfc062723c751e8b465ee728b)  -> (artifact id: '2b2c6a717f8dafdde7e306ef1beec004') in 0.020512 seconds 
  Import took 0.053130 seconds .

